[debug] [2026-02-04T14:27:36.060Z] ----------------------------------------------------------------------
[debug] [2026-02-04T14:27:36.064Z] Command:       C:\Program Files\nodejs\node.exe C:\Users\Blink\AppData\Roaming\npm\node_modules\firebase-tools\lib\bin\firebase.js init
[debug] [2026-02-04T14:27:36.065Z] CLI Version:   15.5.1
[debug] [2026-02-04T14:27:36.065Z] Platform:      win32
[debug] [2026-02-04T14:27:36.065Z] Node Version:  v22.21.0
[debug] [2026-02-04T14:27:36.066Z] Time:          Wed Feb 04 2026 22:27:36 GMT+0800 (Philippine Standard Time)
[debug] [2026-02-04T14:27:36.066Z] ----------------------------------------------------------------------
[debug] 
[info] 
     ######## #### ########  ######## ########     ###     ######  ########
     ##        ##  ##     ## ##       ##     ##  ##   ##  ##       ##
     ######    ##  ########  ######   ########  #########  ######  ######
     ##        ##  ##    ##  ##       ##     ## ##     ##       ## ##
     ##       #### ##     ## ######## ########  ##     ##  ######  ########

You're about to initialize a Firebase project in this directory:

  C:\Deploy\tracescfeed

Before we get started, keep in mind:

  * You are currently outside your home directory

[info] 
=== Project Setup
[info] 
[info] First, let's associate this project directory with a Firebase project.
[info] You can create multiple project aliases by running firebase use --add, 
[info] 
[debug] [2026-02-04T14:27:52.884Z] > command requires scopes: ["email","openid","https://www.googleapis.com/auth/cloudplatformprojects.readonly","https://www.googleapis.com/auth/firebase","https://www.googleapis.com/auth/cloud-platform"]
[debug] [2026-02-04T14:27:52.885Z] > authorizing via signed-in user (shussle23@gmail.com)
[debug] [2026-02-04T14:27:52.887Z] Checked if tokens are valid: false, expires at: 1770215277582
[debug] [2026-02-04T14:27:52.887Z] Checked if tokens are valid: false, expires at: 1770215277582
[debug] [2026-02-04T14:27:52.888Z] > refreshing access token with scopes: []
[debug] [2026-02-04T14:27:52.895Z] >>> [apiv2][query] POST https://www.googleapis.com/oauth2/v3/token [none]
[debug] [2026-02-04T14:27:52.896Z] >>> [apiv2][body] POST https://www.googleapis.com/oauth2/v3/token [omitted]
[debug] [2026-02-04T14:27:53.295Z] <<< [apiv2][status] POST https://www.googleapis.com/oauth2/v3/token 200
[debug] [2026-02-04T14:27:53.296Z] <<< [apiv2][body] POST https://www.googleapis.com/oauth2/v3/token [omitted]
[debug] [2026-02-04T14:27:53.321Z] >>> [apiv2][query] GET https://firebase.googleapis.com/v1beta1/projects pageSize=100
[debug] [2026-02-04T14:27:54.056Z] <<< [apiv2][status] GET https://firebase.googleapis.com/v1beta1/projects 200
[debug] [2026-02-04T14:27:54.056Z] <<< [apiv2][body] GET https://firebase.googleapis.com/v1beta1/projects [omitted]
[info] 
=== Hosting Setup
[debug] [2026-02-04T14:28:00.361Z] Checked if tokens are valid: true, expires at: 1770218872296
[debug] [2026-02-04T14:28:00.362Z] Checked if tokens are valid: true, expires at: 1770218872296
[debug] [2026-02-04T14:28:00.362Z] >>> [apiv2][query] GET https://firebase.googleapis.com/v1beta1/projects/tracescfeed [none]
[debug] [2026-02-04T14:28:00.795Z] <<< [apiv2][status] GET https://firebase.googleapis.com/v1beta1/projects/tracescfeed 200
[debug] [2026-02-04T14:28:00.796Z] <<< [apiv2][body] GET https://firebase.googleapis.com/v1beta1/projects/tracescfeed {"projectId":"tracescfeed","projectNumber":"700797865835","displayName":"Tracescfeed","name":"projects/tracescfeed","resources":{"hostingSite":"tracescfeed"},"state":"ACTIVE","etag":"1_96b0cbf1-11f9-44e7-893a-cc96c9299a63"}
[info] 
[info] Your public directory is the folder (relative to your project directory) that
[info] will contain Hosting assets to be uploaded with firebase deploy. If you
[info] have a build process for your assets, use your build's output directory.
[info] 
[debug] [2026-02-04T14:28:11.537Z] >>> [apiv2][query] GET https://www.gstatic.com/firebasejs/releases.json [none]
[debug] [2026-02-04T14:28:11.680Z] <<< [apiv2][status] GET https://www.gstatic.com/firebasejs/releases.json 200
[debug] [2026-02-04T14:28:11.680Z] <<< [apiv2][body] GET https://www.gstatic.com/firebasejs/releases.json {"current":{"version":"12.8.0","browserURL":"https://www.gstatic.com/firebasejs/12.8.0/firebase.js","packageURL":"https://www.gstatic.com/firebasejs/12.8.0/firebase.tgz"},"live":{"version":"12.8","browserURL":"https://www.gstatic.com/firebasejs/live/12.8/firebase.js","packageURL":"https://www.gstatic.com/firebasejs/live/12.8/firebase.tgz"},"components":{"ai":"https://www.gstatic.com/firebasejs/12.8.0/firebase-ai.js","analytics":"https://www.gstatic.com/firebasejs/12.8.0/firebase-analytics.js","app":"https://www.gstatic.com/firebasejs/12.8.0/firebase-app.js","app-check":"https://www.gstatic.com/firebasejs/12.8.0/firebase-app-check.js","auth":"https://www.gstatic.com/firebasejs/12.8.0/firebase-auth.js","auth/cordova":"https://www.gstatic.com/firebasejs/12.8.0/firebase-auth/cordova.js","auth/web-extension":"https://www.gstatic.com/firebasejs/12.8.0/firebase-auth/web-extension.js","functions":"https://www.gstatic.com/firebasejs/12.8.0/firebase-functions.js","firestore":"https://www.gstatic.com/firebasejs/12.8.0/firebase-firestore.js","firestore/lite":"https://www.gstatic.com/firebasejs/12.8.0/firebase-firestore/lite.js","firestore/pipelines":"https://www.gstatic.com/firebasejs/12.8.0/firebase-firestore/pipelines.js","firestore/lite/pipelines":"https://www.gstatic.com/firebasejs/12.8.0/firebase-firestore/lite/pipelines.js","installations":"https://www.gstatic.com/firebasejs/12.8.0/firebase-installations.js","storage":"https://www.gstatic.com/firebasejs/12.8.0/firebase-storage.js","performance":"https://www.gstatic.com/firebasejs/12.8.0/firebase-performance.js","remote-config":"https://www.gstatic.com/firebasejs/12.8.0/firebase-remote-config.js","messaging":"https://www.gstatic.com/firebasejs/12.8.0/firebase-messaging.js","messaging/sw":"https://www.gstatic.com/firebasejs/12.8.0/firebase-messaging/sw.js","database":"https://www.gstatic.com/firebasejs/12.8.0/firebase-database.js","data-connect":"https://www.gstatic.com/firebasejs/12.8.0/firebase-data-connect.js","firestore.memory":"https://www.gstatic.com/firebasejs/12.8.0/firebase-firestore.memory.js"}}
[debug] [2026-02-04T14:28:11.688Z] Error: EPERM: operation not permitted, open 'C:\index.html'
    at Object.writeFileSync (node:fs:2425:20)
    at Object.createFileSync (C:\Users\Blink\AppData\Roaming\npm\node_modules\firebase-tools\node_modules\fs-extra\lib\ensure\file.js:63:6)
    at Config.writeProjectFile (C:\Users\Blink\AppData\Roaming\npm\node_modules\firebase-tools\lib\config.js:166:12)
    at Config.askWriteProjectFile (C:\Users\Blink\AppData\Roaming\npm\node_modules\firebase-tools\lib\config.js:214:14)
    at process.processTicksAndRejections (node:internal/process/task_queues:105:5)
    at async Object.actuate (C:\Users\Blink\AppData\Roaming\npm\node_modules\firebase-tools\lib\init\features\hosting\index.js:161:9)
    at async init (C:\Users\Blink\AppData\Roaming\npm\node_modules\firebase-tools\lib\init\index.js:89:17)
    at async Command.initAction [as actionFn] (C:\Users\Blink\AppData\Roaming\npm\node_modules\firebase-tools\lib\commands\init.js:226:5)
[error] 
[error] Error: An unexpected error has occurred.
[debug] [2026-02-04T14:28:19.902Z] ----------------------------------------------------------------------
[debug] [2026-02-04T14:28:19.906Z] Command:       C:\Program Files\nodejs\node.exe C:\Users\Blink\AppData\Roaming\npm\node_modules\firebase-tools\lib\bin\firebase.js init
[debug] [2026-02-04T14:28:19.906Z] CLI Version:   15.5.1
[debug] [2026-02-04T14:28:19.906Z] Platform:      win32
[debug] [2026-02-04T14:28:19.906Z] Node Version:  v22.21.0
[debug] [2026-02-04T14:28:19.907Z] Time:          Wed Feb 04 2026 22:28:19 GMT+0800 (Philippine Standard Time)
[debug] [2026-02-04T14:28:19.907Z] ----------------------------------------------------------------------
[debug] 
[info] 
     ######## #### ########  ######## ########     ###     ######  ########
     ##        ##  ##     ## ##       ##     ##  ##   ##  ##       ##
     ######    ##  ########  ######   ########  #########  ######  ######
     ##        ##  ##    ##  ##       ##     ## ##     ##       ## ##
     ##       #### ##     ## ######## ########  ##     ##  ######  ########

You're about to initialize a Firebase project in this directory:

  C:\Deploy\tracescfeed

Before we get started, keep in mind:

  * You are currently outside your home directory

[info] 
=== Project Setup
[info] 
[info] First, let's associate this project directory with a Firebase project.
[info] You can create multiple project aliases by running firebase use --add, 
[info] 
[debug] [2026-02-04T14:28:30.660Z] > command requires scopes: ["email","openid","https://www.googleapis.com/auth/cloudplatformprojects.readonly","https://www.googleapis.com/auth/firebase","https://www.googleapis.com/auth/cloud-platform"]
[debug] [2026-02-04T14:28:30.660Z] > authorizing via signed-in user (shussle23@gmail.com)
[debug] [2026-02-04T14:28:30.661Z] Checked if tokens are valid: true, expires at: 1770218872296
[debug] [2026-02-04T14:28:30.661Z] Checked if tokens are valid: true, expires at: 1770218872296
[debug] [2026-02-04T14:28:30.664Z] >>> [apiv2][query] GET https://firebase.googleapis.com/v1beta1/projects/tracescfeed [none]
[debug] [2026-02-04T14:28:31.202Z] <<< [apiv2][status] GET https://firebase.googleapis.com/v1beta1/projects/tracescfeed 200
[debug] [2026-02-04T14:28:31.202Z] <<< [apiv2][body] GET https://firebase.googleapis.com/v1beta1/projects/tracescfeed {"projectId":"tracescfeed","projectNumber":"700797865835","displayName":"Tracescfeed","name":"projects/tracescfeed","resources":{"hostingSite":"tracescfeed"},"state":"ACTIVE","etag":"1_96b0cbf1-11f9-44e7-893a-cc96c9299a63"}
[info] i  Using project tracescfeed (Tracescfeed) . 
[info] 
=== Hosting Setup
[debug] [2026-02-04T14:28:31.225Z] Checked if tokens are valid: true, expires at: 1770218872296
[debug] [2026-02-04T14:28:31.225Z] Checked if tokens are valid: true, expires at: 1770218872296
[debug] [2026-02-04T14:28:31.226Z] >>> [apiv2][query] GET https://firebase.googleapis.com/v1beta1/projects/tracescfeed [none]
[debug] [2026-02-04T14:28:31.568Z] <<< [apiv2][status] GET https://firebase.googleapis.com/v1beta1/projects/tracescfeed 200
[debug] [2026-02-04T14:28:31.569Z] <<< [apiv2][body] GET https://firebase.googleapis.com/v1beta1/projects/tracescfeed {"projectId":"tracescfeed","projectNumber":"700797865835","displayName":"Tracescfeed","name":"projects/tracescfeed","resources":{"hostingSite":"tracescfeed"},"state":"ACTIVE","etag":"1_96b0cbf1-11f9-44e7-893a-cc96c9299a63"}
[info] 
[info] Your public directory is the folder (relative to your project directory) that
[info] will contain Hosting assets to be uploaded with firebase deploy. If you
[info] have a build process for your assets, use your build's output directory.
[info] 
[info] 
[info] i  Didn't detect a .git folder. Assuming C:\Deploy\tracescfeed is the project root. 
[info] i  Authorizing with GitHub to upload your service account to a GitHub repository's secrets store. 
[info] 
[info] Visit this URL on this device to log in:
[info] https://github.com/login/oauth/authorize?client_id=89cf50f02ac6aaed3484&state=762051746&redirect_uri=http%3A%2F%2Flocalhost%3A9005&scope=read%3Auser%20repo%20public_repo
[info] 
[info] Waiting for authentication...
